gui_exclusion -set_force true
# Preference setting overrides
gui_create_pref_key -category {Globals} -key {load_detail_for_funcov} -value_type {bool} -value {false}
gui_create_pref_category -category {schem_obj_name}
gui_create_pref_key -category {schem_obj_name} -key {show_cell_and_pin_with_symbol_name} -value_type {bool} -value {false}
gui_create_pref_key -category {schem_pin_hc} -key {textExtFont} -value_type {string} -value {Helvetica,10,-1,5,50,0,0,0,0,0}

# State setting overrides
gui_state_default_create -off -ini
gui_set_state_value -category Globals -key open_wave_inside -value true
gui_set_state_value -category Globals -key recent_cov_databases -value {{gui_open_cov  -hier /home/12112195/register-controller-functional-coverage/funct_cov/delivery/simv.vdb -testdir  {/home/12112195/register-controller-functional-coverage/funct_cov/delivery/simv.vdb} -test { /home/12112195/register-controller-functional-coverage/funct_cov/delivery/simv/test } -merge MergedTest} {gui_open_cov  -hier /home/12112195/traffic/simv.vdb -testdir  {/home/12112195/traffic/simv.vdb} -test { /home/12112195/traffic/simv/test } -merge MergedTest} {gui_open_cov  -hier /home/12112195/vcs_tutorial1/simv.vdb -testdir  {/home/12112195/vcs_tutorial1/simv.vdb} -test { /home/12112195/vcs_tutorial1/simv/test } -merge MergedTest}}
gui_set_state_value -category Globals -key recent_databases -value {{gui_open_db -file /home/12112195/register-controller-functional-coverage/funct_cov/delivery/dump.vcd -design V1} {gui_open_db -file /home/12112195/excer2/vcs_blackbox/dump.vcd -design V1} {gui_open_db -file /home/12112195/vcs_blackbox_deliver/dump.vcd -design V1}}
gui_set_state_value -category Globals -key recent_sessions -value {{gui_load_session -ignore_errors -file /home/12112195/vcs_tutorial1/DVEfiles/dve_checkpoint_17613_2.tcl} {gui_load_session -ignore_errors -file /home/12112195/vcs_tutorial1/DVEfiles/dve_checkpoint_17613_1.tcl} {gui_load_session -ignore_errors -file /home/12112195/vcs_tutorial1/DVEfiles/dve_checkpoint_6855_3.tcl} {gui_load_session -ignore_errors -file /home/12112195/vcs_tutorial1/DVEfiles/dve_checkpoint_6855_2.tcl} {gui_load_session -ignore_errors -file /home/12112195/vcs_tutorial1/DVEfiles/dve_checkpoint_6855_1.tcl}}
gui_set_state_value -category Layout -key child_console_size_x -value 1907
gui_set_state_value -category Layout -key child_console_size_y -value 179
gui_set_state_value -category Layout -key child_covdetail_docknewline -value false
gui_set_state_value -category Layout -key child_covdetail_pos_x -value {-2}
gui_set_state_value -category Layout -key child_covdetail_pos_y -value {-15}
gui_set_state_value -category Layout -key child_covdetail_size_x -value 1712
gui_set_state_value -category Layout -key child_covdetail_size_y -value 723
gui_set_state_value -category Layout -key child_coveragemap_docknewline -value false
gui_set_state_value -category Layout -key child_coveragemap_pos_x -value {-2}
gui_set_state_value -category Layout -key child_coveragemap_pos_y -value {-15}
gui_set_state_value -category Layout -key child_coveragemap_size_x -value 1595
gui_set_state_value -category Layout -key child_coveragemap_size_y -value 578
gui_set_state_value -category Layout -key child_coveragetable_docknewline -value false
gui_set_state_value -category Layout -key child_coveragetable_pos_x -value {-2}
gui_set_state_value -category Layout -key child_coveragetable_pos_y -value {-15}
gui_set_state_value -category Layout -key child_coveragetable_size_x -value 1712
gui_set_state_value -category Layout -key child_coveragetable_size_y -value 723
gui_set_state_value -category Layout -key child_data_coltype -value 15
gui_set_state_value -category Layout -key child_data_colvalue -value 10
gui_set_state_value -category Layout -key child_data_colvariable -value 71
gui_set_state_value -category Layout -key child_data_size_x -value 105
gui_set_state_value -category Layout -key child_data_size_y -value 743
gui_set_state_value -category Layout -key child_hier_col3 -value {-1}
gui_set_state_value -category Layout -key child_hier_colhier -value 80
gui_set_state_value -category Layout -key child_hier_colpd -value 0
gui_set_state_value -category Layout -key child_hier_coltype -value 16
gui_set_state_value -category Layout -key child_hier_size_x -value 105
gui_set_state_value -category Layout -key child_hier_size_y -value 743
gui_set_state_value -category Layout -key child_schematic_docknewline -value false
gui_set_state_value -category Layout -key child_schematic_pos_x -value {-2}
gui_set_state_value -category Layout -key child_schematic_pos_y -value {-15}
gui_set_state_value -category Layout -key child_schematic_size_x -value 697
gui_set_state_value -category Layout -key child_schematic_size_y -value 401
gui_set_state_value -category Layout -key child_source_docknewline -value false
gui_set_state_value -category Layout -key child_source_pos_x -value {-2}
gui_set_state_value -category Layout -key child_source_pos_y -value {-15}
gui_set_state_value -category Layout -key child_source_size_x -value 1700
gui_set_state_value -category Layout -key child_source_size_y -value 738
gui_set_state_value -category Layout -key child_wave_colname -value 130
gui_set_state_value -category Layout -key child_wave_colvalue -value 78
gui_set_state_value -category Layout -key child_wave_docknewline -value false
gui_set_state_value -category Layout -key child_wave_left -value 212
gui_set_state_value -category Layout -key child_wave_pos_x -value {-2}
gui_set_state_value -category Layout -key child_wave_pos_y -value {-15}
gui_set_state_value -category Layout -key child_wave_right -value 1478
gui_set_state_value -category Layout -key child_wave_size_x -value 1700
gui_set_state_value -category Layout -key child_wave_size_y -value 738
gui_set_state_value -category Layout -key cov_main_pos_x -value 1926
gui_set_state_value -category Layout -key cov_main_pos_y -value 27
gui_set_state_value -category Layout -key cov_main_size_x -value 3833
gui_set_state_value -category Layout -key cov_main_size_y -value 1013
gui_set_state_value -category Layout -key main_pos_x -value 1926
gui_set_state_value -category Layout -key main_pos_y -value 27
gui_set_state_value -category Layout -key main_size_x -value 3833
gui_set_state_value -category Layout -key main_size_y -value 1013
gui_create_state_key -category FindDialog -key m_pMatchCase -value_type bool -value false
gui_create_state_key -category FindDialog -key m_pMatchWord -value_type bool -value false
gui_create_state_key -category FindDialog -key m_pUseCombo -value_type string -value {}
gui_create_state_key -category FindDialog -key m_pWrapAround -value_type bool -value true
gui_create_state_key -category Widget_History -key {dlgSimSetup|m_setupTab|tab pages|SimTab|m_VPDCombo} -value_type string -value inter.vpd
gui_create_state_key -category Widget_History -key {dlgSimSetup|m_setupTab|tab pages|SimTab|m_argsCombo} -value_type string -value {{-ucligui }}
gui_create_state_key -category Widget_History -key {dlgSimSetup|m_setupTab|tab pages|SimTab|m_curDirCombo} -value_type string -value /home/12112195/vcs_tutorial1
gui_create_state_key -category Widget_History -key {dlgSimSetup|m_setupTab|tab pages|SimTab|m_exeCombo} -value_type string -value /home/12112195/vcs_tutorial1/simv
gui_create_state_key -category Layout_CoverageTable_covtblFGroupsList -key names -value_type string -value {Group,    , ,  ,   ,Score,Covergroup,}
gui_create_state_key -category Layout_CoverageTable_covtblFGroupsList -key orders -value_type string -value 4,0,1,2,3,5,6,
gui_create_state_key -category Layout_CoverageTable_covtblFGroupsList -key widths -value_type string -value 220,0,25,0,0,125,125,
gui_create_state_key -category Layout_CoverageTable_covtblInstancesList -key names -value_type string -value {Name,    , ,  ,   ,Score,Line,Toggle,FSM,Condition,Branch,}
gui_create_state_key -category Layout_CoverageTable_covtblInstancesList -key orders -value_type string -value 4,0,1,2,3,5,6,7,8,9,10,
gui_create_state_key -category Layout_CoverageTable_covtblInstancesList -key widths -value_type string -value 220,0,25,0,0,125,125,125,125,125,125,
gui_create_state_key -category Layout_CoverageTable_covtblModulesList -key names -value_type string -value {Name,    , ,  ,   ,Score,Line,Toggle,FSM,Condition,Branch,}
gui_create_state_key -category Layout_CoverageTable_covtblModulesList -key orders -value_type string -value 4,0,1,2,3,5,6,7,8,9,10,
gui_create_state_key -category Layout_CoverageTable_covtblModulesList -key widths -value_type string -value 220,0,25,0,0,125,125,125,125,125,125,
gui_create_state_key -category Layout_CovDetail_lnListView -key names -value_type string -value Category,Coverage,
gui_create_state_key -category Layout_CovDetail_lnListView -key orders -value_type string -value 0,1,
gui_create_state_key -category Layout_CovDetail_lnListView -key widths -value_type string -value 111,125,
gui_create_state_key -category Layout_CovDetail_tglListView -key names -value_type string -value {Variable, ,  ,   ,Type,Coverage,Display,}
gui_create_state_key -category Layout_CovDetail_tglListView -key orders -value_type string -value 3,0,1,2,4,5,6,
gui_create_state_key -category Layout_CovDetail_tglListView -key widths -value_type string -value 140,25,0,0,50,125,663,
gui_create_state_key -category Layout_CovDetail_tglDetailListView -key names -value_type string -value {Variable, ,  ,   ,0->1,1->0,}
gui_create_state_key -category Layout_CovDetail_tglDetailListView -key orders -value_type string -value 3,0,1,2,4,5,
gui_create_state_key -category Layout_CovDetail_tglDetailListView -key widths -value_type string -value 140,25,0,0,50,50,
gui_create_state_key -category Layout_CovDetail_fsmListView -key names -value_type string -value {FSM, ,  ,   ,State,Transition,Sequence,}
gui_create_state_key -category Layout_CovDetail_fsmListView -key orders -value_type string -value 3,0,1,2,5,4,6,
gui_create_state_key -category Layout_CovDetail_fsmListView -key widths -value_type string -value 66,25,0,0,125,125,125,
gui_create_state_key -category Layout_CovDetail_fsmlist -key names -value_type string -value {Coverage, ,  ,   ,Transition,}
gui_create_state_key -category Layout_CovDetail_fsmlist -key orders -value_type string -value 3,0,1,2,4,
gui_create_state_key -category Layout_CovDetail_fsmlist -key widths -value_type string -value 125,25,0,0,70,
gui_create_state_key -category Layout_CovDetail_cndListView -key names -value_type string -value {Expression, ,  ,   ,ID,Coverage,Line No.,}
gui_create_state_key -category Layout_CovDetail_cndListView -key orders -value_type string -value 3,0,1,2,4,5,6,
gui_create_state_key -category Layout_CovDetail_cndListView -key widths -value_type string -value 320,25,0,0,0,125,63,
gui_create_state_key -category Layout_CovDetail_brListView -key names -value_type string -value {Name, ,  ,   ,Coverage,Line No.,}
gui_create_state_key -category Layout_CovDetail_brListView -key orders -value_type string -value 3,0,1,2,4,5,
gui_create_state_key -category Layout_CovDetail_brListView -key widths -value_type string -value 100,25,0,0,125,63,
gui_create_state_key -category Layout_CovDetail_designAssertListView -key names -value_type string -value {Assert Name,    , ,  ,   ,Attempts,Real Successes,Failures,Incompletes,Category,Severity,}
gui_create_state_key -category Layout_CovDetail_designAssertListView -key orders -value_type string -value 4,0,1,2,3,5,6,7,8,9,10,
gui_create_state_key -category Layout_CovDetail_designAssertListView -key widths -value_type string -value 110,0,25,0,0,63,106,61,82,67,62,
gui_create_state_key -category Layout_CovDetail_codeMiddleSplitter -key value1 -value_type integer -value 10
gui_create_state_key -category Layout_CovDetail_codeMiddleSplitter -key value2 -value_type integer -value 298
gui_create_state_key -category Layout_CovDetail_cndSplitter -key value1 -value_type integer -value 100
gui_create_state_key -category Layout_CovDetail_cndSplitter -key value2 -value_type integer -value 186
gui_create_state_key -category Layout_CovDetail_covGrpInsListView -key names -value_type string -value {Cover Group Item,    , ,  ,   ,Definition,Score,Goal,Weight,At Least,Per Instance,Overlap,Auto Bin Max,Print Missing,Comment,}
gui_create_state_key -category Layout_CovDetail_covGrpInsListView -key orders -value_type string -value 4,0,1,2,3,5,6,7,8,9,10,11,12,13,14,
gui_create_state_key -category Layout_CovDetail_covGrpInsListView -key widths -value_type string -value 137,0,25,0,0,68,125,28,40,52,76,0,76,82,46,
gui_create_state_key -category Layout_CovDetail_covGrpDefListView -key names -value_type string -value {Cover Group Item,    , ,  ,   ,Score,Goal,Weight,At Least,Per Instance,Overlap,Auto Bin Max,Print Missing,Comment,}
gui_create_state_key -category Layout_CovDetail_covGrpDefListView -key orders -value_type string -value 4,0,1,2,3,5,6,7,8,9,10,11,12,13,
gui_create_state_key -category Layout_CovDetail_covGrpDefListView -key widths -value_type string -value 137,0,25,0,0,125,64,76,88,112,0,112,118,82,
gui_create_state_key -category Layout_CovDetail_m_CovGrpTable -key names -value_type string -value {Bin Name,    , ,  ,   ,Status,Cross,At Least,Size,Hit Count,}
gui_create_state_key -category Layout_CovDetail_m_CovGrpTable -key orders -value_type string -value 5,0,1,2,3,4,6,7,8,9,
gui_create_state_key -category Layout_CovDetail_m_CovGrpTable -key widths -value_type string -value 87,0,25,0,0,150,0,62,40,68,
gui_create_state_key -category {Layout_CovDetail_assertion list} -key names -value_type string -value {Instance,    , ,  ,   ,Assert Name,Attempts,Real Successes,Failures,Incompletes,Category,Severity,}
gui_create_state_key -category {Layout_CovDetail_assertion list} -key orders -value_type string -value 4,0,1,2,3,5,6,7,8,9,10,11,
gui_create_state_key -category {Layout_CovDetail_assertion list} -key widths -value_type string -value 86,0,25,0,0,111,88,130,110,106,91,88,
gui_create_state_key -category Layout_CovDetail_funMiddleSplitter -key value1 -value_type integer -value 841
gui_create_state_key -category Layout_CovDetail_funMiddleSplitter -key value2 -value_type integer -value 841
gui_create_state_key -category Layout_CovDetail_splitterWithPrefVal -key value1 -value_type integer -value 100
gui_create_state_key -category Layout_CovDetail_splitterWithPrefVal -key value2 -value_type integer -value 1
gui_state_default_create -off

# Begin command logging
gui_open_cov  -hier /home/12112195/register-controller-functional-coverage/funct_cov/delivery/simv.vdb -testdir  {/home/12112195/register-controller-functional-coverage/funct_cov/delivery/simv.vdb} -test { /home/12112195/register-controller-functional-coverage/funct_cov/delivery/simv/test } -merge MergedTest
gui_list_expand -id  CovHier.1   {/<Function Groups>}
gui_list_expand -id  CovHier.1   {/<Function Groups>/$unit::coverage_collector::reg_ctrl_cg}
gui_list_select -id CovHier.1 -current_item_name {/<Function Groups>/$unit::coverage_collector::reg_ctrl_cg/$unit::coverage_collector::reg_ctrl_cg} -current_item_type {Cover Group}  { {/<Function Groups>/$unit::coverage_collector::reg_ctrl_cg/$unit::coverage_collector::reg_ctrl_cg}   } -type { {Cover Group}  }
gui_list_action -id  CovHier.1 {/<Function Groups>/$unit::coverage_collector::reg_ctrl_cg/$unit::coverage_collector::reg_ctrl_cg}  -type {Cover Group}
gui_list_expand -id  CovDetail.1   -list {covergroup} {/$unit::coverage_collector::reg_ctrl_cg/$unit::coverage_collector::reg_ctrl_cg}
gui_list_expand -id  CovHier.1   tb
gui_list_collapse -id  CovHier.1   tb
